<?xml version="1.0" encoding="UTF-8"?>
<!-- Generated by org.testng.reporters.JUnitReportReporter -->
<testsuite hostname="LTIN478323" failures="0" tests="9" name="testCases.ServiceTest" time="48.998" errors="0" timestamp="2024-03-27T09:52:06 IST" skipped="0">
  <testcase classname="testCases.ServiceTest" name="login" time="7.965"/>
  <testcase classname="testCases.ServiceTest" name="cases" time="6.086"/>
  <testcase classname="testCases.ServiceTest" name="casedetails" time="8.959"/>
  <testcase classname="testCases.ServiceTest" name="cloneCase" time="6.076"/>
  <testcase classname="testCases.ServiceTest" name="checkclone" time="0.034"/>
  <testcase classname="testCases.ServiceTest" name="Escalate" time="4.121"/>
  <testcase classname="testCases.ServiceTest" name="checkStatus" time="0.052"/>
  <testcase classname="testCases.ServiceTest" name="email" time="13.363"/>
  <testcase classname="testCases.ServiceTest" name="SLA" time="2.342"/>
</testsuite> <!-- testCases.ServiceTest -->
