<?xml version="1.0" encoding="UTF-8"?>
<!-- Generated by org.testng.reporters.JUnitReportReporter -->
<testsuite hostname="LTIN478323" failures="0" tests="2" name="handson.AccountTest" time="26.132" errors="0" timestamp="2024-03-21T12:16:37 IST" skipped="0">
  <testcase classname="handson.AccountTest" name="login" time="10.503"/>
  <testcase classname="handson.AccountTest" name="account" time="15.629"/>
</testsuite> <!-- handson.AccountTest -->
