<?xml version="1.0" encoding="UTF-8"?>
<!-- Generated by org.testng.reporters.JUnitReportReporter -->
<testsuite hostname="LTIN478323" failures="0" tests="3" name="pratice.FirstTeast" time="0.027" errors="0" timestamp="2024-03-19T23:53:21 IST" skipped="0">
  <testcase classname="pratice.FirstTeast" name="test2" time="0.024"/>
  <testcase classname="pratice.FirstTeast" name="test1" time="0.002"/>
  <testcase classname="pratice.FirstTeast" name="test3" time="0.001"/>
</testsuite> <!-- pratice.FirstTeast -->
